[0.300s] Invoking command in '/workspace/build/ros2_course': PYTHONPATH=/workspace/build/ros2_course/prefix_override:/workspace/install/ros2_course/lib/python3.10/site-packages:${PYTHONPATH} /usr/bin/python3 -W ignore:setup.py install is deprecated setup.py develop --editable --build-directory /workspace/build/ros2_course/build --no-deps symlink_data
[0.440s] running develop
[0.441s] /usr/lib/python3/dist-packages/setuptools/command/easy_install.py:158: EasyInstallDeprecationWarning: easy_install command is deprecated. Use build and pip and other standards-based tools.
[0.441s]   warnings.warn(
[0.505s] running egg_info
[0.505s] writing ros2_course.egg-info/PKG-INFO
[0.505s] writing dependency_links to ros2_course.egg-info/dependency_links.txt
[0.505s] writing entry points to ros2_course.egg-info/entry_points.txt
[0.506s] writing requirements to ros2_course.egg-info/requires.txt
[0.506s] writing top-level names to ros2_course.egg-info/top_level.txt
[0.507s] reading manifest file 'ros2_course.egg-info/SOURCES.txt'
[0.507s] writing manifest file 'ros2_course.egg-info/SOURCES.txt'
[0.508s] running build_ext
[0.508s] Creating /workspace/install/ros2_course/lib/python3.10/site-packages/ros2-course.egg-link (link to .)
[0.508s] Installing hello script to /workspace/install/ros2_course/lib/ros2_course
[0.508s] Installing talker script to /workspace/install/ros2_course/lib/ros2_course
[0.508s] 
[0.509s] Installed /workspace/build/ros2_course
[0.509s] running symlink_data
[0.524s] Invoked command in '/workspace/build/ros2_course' returned '0': PYTHONPATH=/workspace/build/ros2_course/prefix_override:/workspace/install/ros2_course/lib/python3.10/site-packages:${PYTHONPATH} /usr/bin/python3 -W ignore:setup.py install is deprecated setup.py develop --editable --build-directory /workspace/build/ros2_course/build --no-deps symlink_data
